<?xml version="1.0" encoding="UTF-8"?>
<!-- Generated by org.testng.reporters.JUnitXMLReporter -->
<testsuite ignored="32" hostname="Vrishalis-MacBook-Air.local" failures="1" tests="1" name="Test2" time="49.703" errors="0" timestamp="2023-07-16T18:06:53 PDT">
  <testcase classname="com.automation.tests.SalesForceAutomationScripts" name="ValidLoginToSalesForce" time="33.662">
    <failure type="org.openqa.selenium.NoSuchElementException" message="Unable to locate element: #phSearchInput
For documentation on this error, please visit: https://www.seleniumhq.org/exceptions/no_such_element.html
Build info: version: &amp;apos;3.141.59&amp;apos;, revision: &amp;apos;e82be7d358&amp;apos;, time: &amp;apos;2018-11-14T08:17:03&amp;apos;
System info: host: &amp;apos;Vrishalis-MacBook-Air.local&amp;apos;, ip: &amp;apos;2601:646:a280:5a70:0:0:0:3555%en0&amp;apos;, os.name: &amp;apos;Mac OS X&amp;apos;, os.arch: &amp;apos;x86_64&amp;apos;, os.version: &amp;apos;13.0&amp;apos;, java.version: &amp;apos;17.0.6&amp;apos;
Driver info: org.openqa.selenium.firefox.FirefoxDriver
Capabilities {acceptInsecureCerts: true, browserName: firefox, browserVersion: 114.0.2, javascriptEnabled: true, moz:accessibilityChecks: false, moz:buildID: 20230619081400, moz:geckodriverVersion: 0.33.0, moz:headless: false, moz:platformVersion: 22.1.0, moz:processID: 69950, moz:profile: /var/folders/63/wp8fcq4x57j..., moz:shutdownTimeout: 60000, moz:useNonSpecCompliantPointerOrigin: false, moz:webdriverClick: true, moz:windowless: false, pageLoadStrategy: normal, platform: MAC, platformName: MAC, proxy: Proxy(), setWindowRect: true, strictFileInteractability: false, timeouts: {implicit: 0, pageLoad: 300000, script: 30000}, unhandledPromptBehavior: dismiss and notify}
Session ID: 5d0f05b9-c5ef-4c58-9fef-bdab4c62d720
*** Element info: {Using=id, value=phSearchInput}">
      <![CDATA[org.openqa.selenium.NoSuchElementException: Unable to locate element: #phSearchInput
For documentation on this error, please visit: https://www.seleniumhq.org/exceptions/no_such_element.html
Build info: version: '3.141.59', revision: 'e82be7d358', time: '2018-11-14T08:17:03'
System info: host: 'Vrishalis-MacBook-Air.local', ip: '2601:646:a280:5a70:0:0:0:3555%en0', os.name: 'Mac OS X', os.arch: 'x86_64', os.version: '13.0', java.version: '17.0.6'
Driver info: org.openqa.selenium.firefox.FirefoxDriver
Capabilities {acceptInsecureCerts: true, browserName: firefox, browserVersion: 114.0.2, javascriptEnabled: true, moz:accessibilityChecks: false, moz:buildID: 20230619081400, moz:geckodriverVersion: 0.33.0, moz:headless: false, moz:platformVersion: 22.1.0, moz:processID: 69950, moz:profile: /var/folders/63/wp8fcq4x57j..., moz:shutdownTimeout: 60000, moz:useNonSpecCompliantPointerOrigin: false, moz:webdriverClick: true, moz:windowless: false, pageLoadStrategy: normal, platform: MAC, platformName: MAC, proxy: Proxy(), setWindowRect: true, strictFileInteractability: false, timeouts: {implicit: 0, pageLoad: 300000, script: 30000}, unhandledPromptBehavior: dismiss and notify}
Session ID: 5d0f05b9-c5ef-4c58-9fef-bdab4c62d720
*** Element info: {Using=id, value=phSearchInput}
at org.openqa.selenium.remote.http.W3CHttpResponseCodec.createException(W3CHttpResponseCodec.java:187)
at org.openqa.selenium.remote.http.W3CHttpResponseCodec.decode(W3CHttpResponseCodec.java:122)
at org.openqa.selenium.remote.http.W3CHttpResponseCodec.decode(W3CHttpResponseCodec.java:49)
at org.openqa.selenium.remote.HttpCommandExecutor.execute(HttpCommandExecutor.java:158)
at org.openqa.selenium.remote.service.DriverCommandExecutor.execute(DriverCommandExecutor.java:83)
at org.openqa.selenium.remote.RemoteWebDriver.execute(RemoteWebDriver.java:552)
at org.openqa.selenium.remote.RemoteWebDriver.findElement(RemoteWebDriver.java:323)
at org.openqa.selenium.remote.RemoteWebDriver.findElementById(RemoteWebDriver.java:372)
at org.openqa.selenium.By$ById.findElement(By.java:188)
at org.openqa.selenium.remote.RemoteWebDriver.findElement(RemoteWebDriver.java:315)
at org.openqa.selenium.support.ui.ExpectedConditions$7.apply(ExpectedConditions.java:205)
at org.openqa.selenium.support.ui.ExpectedConditions$7.apply(ExpectedConditions.java:201)
at org.openqa.selenium.support.ui.FluentWait.until(FluentWait.java:249)
at com.automation.base.SalesForceBase.waitTillElementVisible(SalesForceBase.java:172)
at com.automation.tests.SalesForceAutomationScripts.ValidLoginToSalesForce(SalesForceAutomationScripts.java:68)
at java.base/java.util.ArrayList.forEach(ArrayList.java:1511)
... Removed 32 stack frames]]>
    </failure>
  </testcase> <!-- ValidLoginToSalesForce -->
  <testcase classname="com.automation.tests.SalesForceAutomationScripts" name="UserMenuDropDownTC06" time="0.0">
    <ignored/>
  </testcase> <!-- UserMenuDropDownTC06 -->
  <testcase classname="com.automation.tests.SalesForceAutomationScripts" name="loginWithBlankPassword" time="0.0">
    <ignored/>
  </testcase> <!-- loginWithBlankPassword -->
  <testcase classname="com.automation.tests.SalesForceAutomationScripts" name="createAccountsTC13" time="0.0">
    <ignored/>
  </testcase> <!-- createAccountsTC13 -->
  <testcase classname="com.automation.tests.SalesForceAutomationScripts" name="CreateOptyTC16" time="0.0">
    <ignored/>
  </testcase> <!-- CreateOptyTC16 -->
  <testcase classname="com.automation.tests.SalesForceAutomationScripts" name="ContactsTC28" time="0.0">
    <ignored/>
  </testcase> <!-- ContactsTC28 -->
  <testcase classname="com.automation.tests.SalesForceAutomationScripts" name="CreateOptyTC19" time="0.0">
    <ignored/>
  </testcase> <!-- CreateOptyTC19 -->
  <testcase classname="com.automation.tests.SalesForceAutomationScripts" name="LeadsTC23" time="0.0">
    <ignored/>
  </testcase> <!-- LeadsTC23 -->
  <testcase classname="com.automation.tests.SalesForceAutomationScripts" name="ContactsTC32" time="0.0">
    <ignored/>
  </testcase> <!-- ContactsTC32 -->
  <testcase classname="com.automation.tests.SalesForceAutomationScripts" name="LeadsTC21" time="0.0">
    <ignored/>
  </testcase> <!-- LeadsTC21 -->
  <testcase classname="com.automation.tests.SalesForceAutomationScripts" name="ContactsTC26" time="0.0">
    <ignored/>
  </testcase> <!-- ContactsTC26 -->
  <testcase classname="com.automation.tests.SalesForceAutomationScripts" name="CreateAccountTC11" time="0.0">
    <ignored/>
  </testcase> <!-- CreateAccountTC11 -->
  <testcase classname="com.automation.tests.SalesForceAutomationScripts" name="UserMenuDropDownTC09" time="0.0">
    <ignored/>
  </testcase> <!-- UserMenuDropDownTC09 -->
  <testcase classname="com.automation.tests.SalesForceAutomationScripts" name="ContactsTC30" time="0.0">
    <ignored/>
  </testcase> <!-- ContactsTC30 -->
  <testcase classname="com.automation.tests.SalesForceAutomationScripts" name="userMenuDropDownTC05" time="0.0">
    <ignored/>
  </testcase> <!-- userMenuDropDownTC05 -->
  <testcase classname="com.automation.tests.SalesForceAutomationScripts" name="forgotPassword_B" time="0.0">
    <ignored/>
  </testcase> <!-- forgotPassword_B -->
  <testcase classname="com.automation.tests.SalesForceAutomationScripts" name="UserMenuDropDownTC07" time="0.0">
    <ignored/>
  </testcase> <!-- UserMenuDropDownTC07 -->
  <testcase classname="com.automation.tests.SalesForceAutomationScripts" name="forgotPasswordA" time="0.0">
    <ignored/>
  </testcase> <!-- forgotPasswordA -->
  <testcase classname="com.automation.tests.SalesForceAutomationScripts" name="rememberMe" time="0.0">
    <ignored/>
  </testcase> <!-- rememberMe -->
  <testcase classname="com.automation.tests.SalesForceAutomationScripts" name="LeadsTC24" time="0.0">
    <ignored/>
  </testcase> <!-- LeadsTC24 -->
  <testcase classname="com.automation.tests.SalesForceAutomationScripts" name="CreateOptyTC17" time="0.0">
    <ignored/>
  </testcase> <!-- CreateOptyTC17 -->
  <testcase classname="com.automation.tests.SalesForceAutomationScripts" name="CreateAccount14" time="0.0">
    <ignored/>
  </testcase> <!-- CreateAccount14 -->
  <testcase classname="com.automation.tests.SalesForceAutomationScripts" name="CreateOptyTC15" time="0.0">
    <ignored/>
  </testcase> <!-- CreateOptyTC15 -->
  <testcase classname="com.automation.tests.SalesForceAutomationScripts" name="ContactsTC29" time="0.0">
    <ignored/>
  </testcase> <!-- ContactsTC29 -->
  <testcase classname="com.automation.tests.SalesForceAutomationScripts" name="CreateOptyTC18" time="0.0">
    <ignored/>
  </testcase> <!-- CreateOptyTC18 -->
  <testcase classname="com.automation.tests.SalesForceAutomationScripts" name="ContactsTC25" time="0.0">
    <ignored/>
  </testcase> <!-- ContactsTC25 -->
  <testcase classname="com.automation.tests.SalesForceAutomationScripts" name="LeadsTC22" time="0.0">
    <ignored/>
  </testcase> <!-- LeadsTC22 -->
  <testcase classname="com.automation.tests.SalesForceAutomationScripts" name="CreateAccountTC10" time="0.0">
    <ignored/>
  </testcase> <!-- CreateAccountTC10 -->
  <testcase classname="com.automation.tests.SalesForceAutomationScripts" name="ContactsTC31" time="0.0">
    <ignored/>
  </testcase> <!-- ContactsTC31 -->
  <testcase classname="com.automation.tests.SalesForceAutomationScripts" name="LeadsTC20" time="0.0">
    <ignored/>
  </testcase> <!-- LeadsTC20 -->
  <testcase classname="com.automation.tests.SalesForceAutomationScripts" name="ContactsTC27" time="0.0">
    <ignored/>
  </testcase> <!-- ContactsTC27 -->
  <testcase classname="com.automation.tests.SalesForceAutomationScripts" name="CreateAccountTC12" time="0.0">
    <ignored/>
  </testcase> <!-- CreateAccountTC12 -->
  <testcase classname="com.automation.tests.SalesForceAutomationScripts" name="UserMenuDropDownTC08" time="0.0">
    <ignored/>
  </testcase> <!-- UserMenuDropDownTC08 -->
</testsuite> <!-- Test2 -->
