<?xml version="1.0" encoding="UTF-8"?>
<!-- Generated by org.testng.reporters.JUnitXMLReporter -->
<testsuite ignored="32" hostname="Vrishalis-MacBook-Air.local" failures="1" tests="1" name="Default test" time="63.771" errors="0" timestamp="2023-06-19T19:28:08 PDT">
  <testcase classname="com.automation.tests.SalesForceAutomationScripts" name="UserMenuDropDownTC06" time="49.334">
    <failure type="org.openqa.selenium.TimeoutException" message="Expected condition failed: waiting for element to be clickable: By.xpath: //div[@class=&amp;apos;uploadButtonPanel&amp;apos;]/input[@value=&amp;apos;Save&amp;apos;][1] (tried for 30 second(s) with 5000 milliseconds interval)
Build info: version: &amp;apos;3.141.59&amp;apos;, revision: &amp;apos;e82be7d358&amp;apos;, time: &amp;apos;2018-11-14T08:17:03&amp;apos;
System info: host: &amp;apos;Vrishalis-MacBook-Air.local&amp;apos;, ip: &amp;apos;2601:641:401:7160:0:0:0:adf2%en0&amp;apos;, os.name: &amp;apos;Mac OS X&amp;apos;, os.arch: &amp;apos;x86_64&amp;apos;, os.version: &amp;apos;13.0&amp;apos;, java.version: &amp;apos;17.0.6&amp;apos;
Driver info: driver.version: unknown">
      <![CDATA[org.openqa.selenium.TimeoutException: Expected condition failed: waiting for element to be clickable: By.xpath: //div[@class='uploadButtonPanel']/input[@value='Save'][1] (tried for 30 second(s) with 5000 milliseconds interval)
Build info: version: '3.141.59', revision: 'e82be7d358', time: '2018-11-14T08:17:03'
System info: host: 'Vrishalis-MacBook-Air.local', ip: '2601:641:401:7160:0:0:0:adf2%en0', os.name: 'Mac OS X', os.arch: 'x86_64', os.version: '13.0', java.version: '17.0.6'
Driver info: driver.version: unknown
at org.openqa.selenium.support.ui.FluentWait.timeoutException(FluentWait.java:304)
at org.openqa.selenium.support.ui.FluentWait.until(FluentWait.java:272)
at com.automation.base.SalesForceBase.waitTillElementIsClickable(SalesForceBase.java:178)
at com.automation.tests.SalesForceAutomationScripts.uploadProfilePhoto(SalesForceAutomationScripts.java:460)
at com.automation.tests.SalesForceAutomationScripts.UserMenuDropDownTC06(SalesForceAutomationScripts.java:500)
at java.base/jdk.internal.reflect.NativeMethodAccessorImpl.invoke0(Native Method)
at java.base/jdk.internal.reflect.NativeMethodAccessorImpl.invoke(NativeMethodAccessorImpl.java:77)
at java.base/jdk.internal.reflect.DelegatingMethodAccessorImpl.invoke(DelegatingMethodAccessorImpl.java:43)
at java.base/java.lang.reflect.Method.invoke(Method.java:568)
at org.testng.internal.invokers.MethodInvocationHelper.invokeMethod(MethodInvocationHelper.java:139)
at org.testng.internal.invokers.TestInvoker.invokeMethod(TestInvoker.java:677)
at org.testng.internal.invokers.TestInvoker.invokeTestMethod(TestInvoker.java:221)
at org.testng.internal.invokers.MethodRunner.runInSequence(MethodRunner.java:50)
at org.testng.internal.invokers.TestInvoker$MethodInvocationAgent.invoke(TestInvoker.java:969)
at org.testng.internal.invokers.TestInvoker.invokeTestMethods(TestInvoker.java:194)
at org.testng.internal.invokers.TestMethodWorker.invokeTestMethods(TestMethodWorker.java:148)
at org.testng.internal.invokers.TestMethodWorker.run(TestMethodWorker.java:128)
at java.base/java.util.ArrayList.forEach(ArrayList.java:1511)
at org.testng.TestRunner.privateRun(TestRunner.java:829)
at org.testng.TestRunner.run(TestRunner.java:602)
at org.testng.SuiteRunner.runTest(SuiteRunner.java:437)
at org.testng.SuiteRunner.runSequentially(SuiteRunner.java:431)
at org.testng.SuiteRunner.privateRun(SuiteRunner.java:391)
at org.testng.SuiteRunner.run(SuiteRunner.java:330)
at org.testng.SuiteRunnerWorker.runSuite(SuiteRunnerWorker.java:52)
at org.testng.SuiteRunnerWorker.run(SuiteRunnerWorker.java:95)
at org.testng.TestNG.runSuitesSequentially(TestNG.java:1256)
at org.testng.TestNG.runSuitesLocally(TestNG.java:1176)
at org.testng.TestNG.runSuites(TestNG.java:1099)
at org.testng.TestNG.run(TestNG.java:1067)
at org.testng.remote.AbstractRemoteTestNG.run(AbstractRemoteTestNG.java:115)
at org.testng.remote.RemoteTestNG.initAndRun(RemoteTestNG.java:251)
at org.testng.remote.RemoteTestNG.main(RemoteTestNG.java:77)
]]>
    </failure>
  </testcase> <!-- UserMenuDropDownTC06 -->
  <testcase classname="com.automation.tests.SalesForceAutomationScripts" name="ValidLoginToSalesForce" time="0.0">
    <ignored/>
  </testcase> <!-- ValidLoginToSalesForce -->
  <testcase classname="com.automation.tests.SalesForceAutomationScripts" name="loginWithBlankPassword" time="0.0">
    <ignored/>
  </testcase> <!-- loginWithBlankPassword -->
  <testcase classname="com.automation.tests.SalesForceAutomationScripts" name="createAccountsTC13" time="0.0">
    <ignored/>
  </testcase> <!-- createAccountsTC13 -->
  <testcase classname="com.automation.tests.SalesForceAutomationScripts" name="CreateOptyTC16" time="0.0">
    <ignored/>
  </testcase> <!-- CreateOptyTC16 -->
  <testcase classname="com.automation.tests.SalesForceAutomationScripts" name="ContactsTC28" time="0.0">
    <ignored/>
  </testcase> <!-- ContactsTC28 -->
  <testcase classname="com.automation.tests.SalesForceAutomationScripts" name="CreateOptyTC19" time="0.0">
    <ignored/>
  </testcase> <!-- CreateOptyTC19 -->
  <testcase classname="com.automation.tests.SalesForceAutomationScripts" name="LeadsTC23" time="0.0">
    <ignored/>
  </testcase> <!-- LeadsTC23 -->
  <testcase classname="com.automation.tests.SalesForceAutomationScripts" name="ContactsTC32" time="0.0">
    <ignored/>
  </testcase> <!-- ContactsTC32 -->
  <testcase classname="com.automation.tests.SalesForceAutomationScripts" name="LeadsTC21" time="0.0">
    <ignored/>
  </testcase> <!-- LeadsTC21 -->
  <testcase classname="com.automation.tests.SalesForceAutomationScripts" name="ContactsTC26" time="0.0">
    <ignored/>
  </testcase> <!-- ContactsTC26 -->
  <testcase classname="com.automation.tests.SalesForceAutomationScripts" name="CreateAccountTC11" time="0.0">
    <ignored/>
  </testcase> <!-- CreateAccountTC11 -->
  <testcase classname="com.automation.tests.SalesForceAutomationScripts" name="UserMenuDropDownTC09" time="0.0">
    <ignored/>
  </testcase> <!-- UserMenuDropDownTC09 -->
  <testcase classname="com.automation.tests.SalesForceAutomationScripts" name="ContactsTC30" time="0.0">
    <ignored/>
  </testcase> <!-- ContactsTC30 -->
  <testcase classname="com.automation.tests.SalesForceAutomationScripts" name="userMenuDropDownTC05" time="0.0">
    <ignored/>
  </testcase> <!-- userMenuDropDownTC05 -->
  <testcase classname="com.automation.tests.SalesForceAutomationScripts" name="forgotPassword_B" time="0.0">
    <ignored/>
  </testcase> <!-- forgotPassword_B -->
  <testcase classname="com.automation.tests.SalesForceAutomationScripts" name="UserMenuDropDownTC07" time="0.0">
    <ignored/>
  </testcase> <!-- UserMenuDropDownTC07 -->
  <testcase classname="com.automation.tests.SalesForceAutomationScripts" name="forgotPasswordA" time="0.0">
    <ignored/>
  </testcase> <!-- forgotPasswordA -->
  <testcase classname="com.automation.tests.SalesForceAutomationScripts" name="rememberMe" time="0.0">
    <ignored/>
  </testcase> <!-- rememberMe -->
  <testcase classname="com.automation.tests.SalesForceAutomationScripts" name="LeadsTC24" time="0.0">
    <ignored/>
  </testcase> <!-- LeadsTC24 -->
  <testcase classname="com.automation.tests.SalesForceAutomationScripts" name="CreateOptyTC17" time="0.0">
    <ignored/>
  </testcase> <!-- CreateOptyTC17 -->
  <testcase classname="com.automation.tests.SalesForceAutomationScripts" name="CreateAccount14" time="0.0">
    <ignored/>
  </testcase> <!-- CreateAccount14 -->
  <testcase classname="com.automation.tests.SalesForceAutomationScripts" name="CreateOptyTC15" time="0.0">
    <ignored/>
  </testcase> <!-- CreateOptyTC15 -->
  <testcase classname="com.automation.tests.SalesForceAutomationScripts" name="ContactsTC29" time="0.0">
    <ignored/>
  </testcase> <!-- ContactsTC29 -->
  <testcase classname="com.automation.tests.SalesForceAutomationScripts" name="CreateOptyTC18" time="0.0">
    <ignored/>
  </testcase> <!-- CreateOptyTC18 -->
  <testcase classname="com.automation.tests.SalesForceAutomationScripts" name="ContactsTC25" time="0.0">
    <ignored/>
  </testcase> <!-- ContactsTC25 -->
  <testcase classname="com.automation.tests.SalesForceAutomationScripts" name="LeadsTC22" time="0.0">
    <ignored/>
  </testcase> <!-- LeadsTC22 -->
  <testcase classname="com.automation.tests.SalesForceAutomationScripts" name="CreateAccountTC10" time="0.0">
    <ignored/>
  </testcase> <!-- CreateAccountTC10 -->
  <testcase classname="com.automation.tests.SalesForceAutomationScripts" name="ContactsTC31" time="0.0">
    <ignored/>
  </testcase> <!-- ContactsTC31 -->
  <testcase classname="com.automation.tests.SalesForceAutomationScripts" name="LeadsTC20" time="0.0">
    <ignored/>
  </testcase> <!-- LeadsTC20 -->
  <testcase classname="com.automation.tests.SalesForceAutomationScripts" name="ContactsTC27" time="0.0">
    <ignored/>
  </testcase> <!-- ContactsTC27 -->
  <testcase classname="com.automation.tests.SalesForceAutomationScripts" name="CreateAccountTC12" time="0.0">
    <ignored/>
  </testcase> <!-- CreateAccountTC12 -->
  <testcase classname="com.automation.tests.SalesForceAutomationScripts" name="UserMenuDropDownTC08" time="0.0">
    <ignored/>
  </testcase> <!-- UserMenuDropDownTC08 -->
</testsuite> <!-- Default test -->
